<?xml version="1.0" encoding="UTF-8"?>
<!-- Generated by org.testng.reporters.JUnitReportReporter -->
<testsuite hostname="Mukesh_Jhorar" failures="0" tests="1" name="testCases.TestingFormFillTC" time="6.170" errors="0" timestamp="2022-06-28T17:16:22 IST" skipped="0">
  <testcase classname="testCases.TestingFormFillTC" name="formFilling" time="6.170"/>
  <system-out/>
</testsuite> <!-- testCases.TestingFormFillTC -->
