<?xml version="1.0" encoding="UTF-8"?>
<!-- Generated by org.testng.reporters.JUnitReportReporter -->
<testsuite hostname="Mukesh_Jhorar" failures="0" tests="1" name="testUtility.TC1" time="2.823" errors="0" timestamp="2022-06-28T08:50:00 IST" skipped="0">
  <testcase classname="testUtility.TC1" name="preRun" time="2.823"/>
  <system-out/>
</testsuite> <!-- testUtility.TC1 -->
