<?xml version="1.0" encoding="UTF-8"?>
<!-- Generated by org.testng.reporters.JUnitReportReporter -->
<testsuite hostname="Mukesh_Jhorar" failures="0" tests="1" name="testCases.TestingFormPageTC" time="3.427" errors="0" timestamp="2022-06-28T10:38:49 IST" skipped="0">
  <testcase classname="testCases.TestingFormPageTC" name="openTestingFormPage" time="3.427"/>
  <system-out/>
</testsuite> <!-- testCases.TestingFormPageTC -->
