<?xml version="1.0" encoding="UTF-8"?>
<!-- Generated by org.testng.reporters.JUnitReportReporter -->
<testsuite hostname="Mukesh_Jhorar" failures="0" tests="1" name="testCases.TC1" time="4.260" errors="0" timestamp="2022-06-28T09:49:53 IST" skipped="0">
  <testcase classname="testCases.TC1" name="openURL" time="4.260"/>
  <system-out/>
</testsuite> <!-- testCases.TC1 -->
