<?xml version="1.0" encoding="UTF-8"?>
<!-- Generated by org.testng.reporters.JUnitReportReporter -->
<testsuite hostname="Mukesh_Jhorar" failures="0" tests="1" name="testUtility.UtilityClass" time="6.991" errors="0" timestamp="2022-06-28T09:18:12 IST" skipped="0">
  <testcase classname="testUtility.UtilityClass" name="openURL" time="6.991"/>
  <system-out/>
</testsuite> <!-- testUtility.UtilityClass -->
